<?xml version="1.0" encoding="UTF-8"?>
<testsuite name="level0.몫구하기.SolutionTest" tests="2" skipped="0" failures="0" errors="0" timestamp="2023-02-22T11:52:18" hostname="DESKTOP-Q0JBK65" time="0.042">
  <properties/>
  <testcase name="2, 3 =&gt; -1" classname="level0.몫구하기.SolutionTest" time="0.041"/>
  <testcase name="2, 3 =&gt; -1" classname="level0.몫구하기.SolutionTest" time="0.0"/>
  <system-out><![CDATA[]]></system-out>
  <system-err><![CDATA[]]></system-err>
</testsuite>
